<?xml version="1.0" encoding="UTF-8"?>
<!-- Generated by org.testng.reporters.JUnitReportReporter -->
<testsuite hostname="DESKTOP-MUABIEO" failures="0" tests="1" name="sample.testng.TestNG" time="0.029" errors="0" timestamp="2023-01-16T23:32:17 GMT-08:00" skipped="0">
  <testcase classname="sample.testng.TestNG" name="testmethod" time="0.029"/>
  <system-out/>
</testsuite> <!-- sample.testng.TestNG -->
